2024-11-17 14:59:44.856: [INFO][Sync] Reset engine, reason: 8
2024-11-17 14:59:44.856: [INFO][Sync] Stopped: Bookmarks
2024-11-17 14:59:44.856: [INFO][Sync] Stopped: Preferences
2024-11-17 14:59:44.856: [INFO][Sync] Stopped: Passwords
2024-11-17 14:59:44.856: [INFO][Sync] Stopped: Autofill Profiles
2024-11-17 14:59:44.856: [INFO][Sync] Stopped: Autofill
2024-11-17 14:59:44.856: [INFO][Sync] Stopped: Typed URLs
2024-11-17 14:59:44.856: [INFO][Sync] Stopped: Extensions
2024-11-17 14:59:44.856: [INFO][Sync] Stopped: Sessions
2024-11-17 14:59:44.856: [INFO][Sync] Stopped: Extension settings
2024-11-17 14:59:44.856: [INFO][Sync] Stopped: History Delete Directives
2024-11-17 14:59:44.856: [INFO][Sync] Stopped: Device Info
2024-11-17 14:59:44.856: [INFO][Sync] Stopped: User Consents
2024-11-17 14:59:44.856: [INFO][Sync] Stopped: Send Tab To Self
2024-11-17 14:59:44.856: [INFO][Sync] Stopped: Web Apps
2024-11-17 14:59:44.856: [INFO][Sync] Stopped: History
2024-11-17 14:59:44.856: [INFO][Sync] Stopped: Collection
2024-11-17 14:59:44.856: [INFO][Sync] Stopped: Edge E Drop
2024-11-17 14:59:44.856: [INFO][Sync] Stopped: Edge Hub App Usage
2024-11-17 14:59:44.856: [INFO][Sync] Stopped: Edge Tab Group
2024-11-17 14:59:44.856: [INFO][Sync] Stopped: Edge Wallet
2024-11-17 14:59:44.856: [INFO][Sync] SyncState after authenticated was: NotSignedIn
2024-11-17 14:59:45.049: [INFO][Sync] Reset engine, reason: 8
2024-11-17 14:59:45.049: [INFO][Sync] Stopped: Bookmarks
2024-11-17 14:59:45.049: [INFO][Sync] Stopped: Preferences
2024-11-17 14:59:45.049: [INFO][Sync] Stopped: Passwords
2024-11-17 14:59:45.049: [INFO][Sync] Stopped: Autofill Profiles
2024-11-17 14:59:45.049: [INFO][Sync] Stopped: Autofill
2024-11-17 14:59:45.049: [INFO][Sync] Stopped: Typed URLs
2024-11-17 14:59:45.049: [INFO][Sync] Stopped: Extensions
2024-11-17 14:59:45.049: [INFO][Sync] Stopped: Sessions
2024-11-17 14:59:45.049: [INFO][Sync] Stopped: Extension settings
2024-11-17 14:59:45.049: [INFO][Sync] Stopped: History Delete Directives
2024-11-17 14:59:45.049: [INFO][Sync] Stopped: Device Info
2024-11-17 14:59:45.049: [INFO][Sync] Stopped: User Consents
2024-11-17 14:59:45.049: [INFO][Sync] Stopped: Send Tab To Self
2024-11-17 14:59:45.049: [INFO][Sync] Stopped: Web Apps
2024-11-17 14:59:45.049: [INFO][Sync] Stopped: History
2024-11-17 14:59:45.049: [INFO][Sync] Stopped: Collection
2024-11-17 14:59:45.049: [INFO][Sync] Stopped: Edge E Drop
2024-11-17 14:59:45.049: [INFO][Sync] Stopped: Edge Hub App Usage
2024-11-17 14:59:45.049: [INFO][Sync] Stopped: Edge Tab Group
2024-11-17 14:59:45.049: [INFO][Sync] Stopped: Edge Wallet
2024-11-22 12:06:05.386: [INFO][Sync] SyncState after authenticated was: FeatureNotSetup
2024-11-22 12:47:06.061: [INFO][Sync] Reset engine, reason: 0
2025-02-07 08:41:16.091: [INFO][Sync] SyncState after authenticated was: FeatureNotSetup
2025-02-07 14:49:29.337: [INFO][Sync] SyncState after authenticated was: FeatureNotSetup
2025-02-10 08:12:33.188: [INFO][Sync] SyncState after authenticated was: FeatureNotSetup
2025-02-10 12:27:29.756: [INFO][Sync] Reset engine, reason: 0
2025-02-13 19:55:47.904: [INFO][Sync] SyncState after authenticated was: FeatureNotSetup
2025-02-13 20:28:38.513: [INFO][Sync] Reset engine, reason: 0
2025-02-16 18:43:26.575: [INFO][Sync] SyncState after authenticated was: FeatureNotSetup
2025-02-16 20:30:25.858: [INFO][Sync] Reset engine, reason: 0
2025-02-23 10:43:55.603: [INFO][Sync] SyncState after authenticated was: FeatureNotSetup
2025-02-23 10:46:39.035: [INFO][Sync] Reset engine, reason: 0
2025-03-03 16:39:29.907: [INFO][Sync] SyncState after authenticated was: FeatureNotSetup
2025-03-03 16:45:15.314: [INFO][Sync] SyncState after authenticated was: FeatureNotSetup
2025-03-03 16:50:30.596: [INFO][Sync] Reset engine, reason: 0
2025-03-04 10:28:11.741: [INFO][Sync] SyncState after authenticated was: FeatureNotSetup
2025-03-04 10:41:02.798: [INFO][Sync] SyncState after authenticated was: FeatureNotSetup
2025-03-04 10:42:53.903: [INFO][Sync] SyncState after authenticated was: FeatureNotSetup
2025-03-04 10:45:11.500: [INFO][Sync] SyncState after authenticated was: FeatureNotSetup
2025-03-04 14:12:08.311: [INFO][Sync] Reset engine, reason: 0
2025-03-10 13:19:29.325: [INFO][Sync] SyncState after authenticated was: FeatureNotSetup
2025-03-10 16:36:06.065: [INFO][Sync] Reset engine, reason: 0
2025-03-14 13:04:19.368: [INFO][Sync] SyncState after authenticated was: FeatureNotSetup
2025-03-14 13:15:21.264: [INFO][Sync] Reset engine, reason: 0
2025-03-18 15:06:16.034: [INFO][Sync] SyncState after authenticated was: FeatureNotSetup
2025-03-18 15:09:18.646: [INFO][Sync] Reset engine, reason: 0
2025-03-18 15:11:23.244: [INFO][Sync] SyncState after authenticated was: FeatureNotSetup
2025-03-18 16:19:26.247: [INFO][Sync] Reset engine, reason: 0
2025-03-21 08:29:50.737: [INFO][Sync] SyncState after authenticated was: FeatureNotSetup
2025-03-21 10:08:19.012: [INFO][Sync] Reset engine, reason: 0
2025-03-28 10:11:16.839: [INFO][Sync] SyncState after authenticated was: FeatureNotSetup
2025-03-28 10:14:56.012: [INFO][Sync] SyncState after authenticated was: FeatureNotSetup
2025-03-28 10:15:51.991: [INFO][Sync] SyncState after authenticated was: FeatureNotSetup
2025-03-28 10:25:18.233: [INFO][Sync] SyncState after authenticated was: FeatureNotSetup
2025-03-28 10:27:35.133: [INFO][Sync] SyncState after authenticated was: FeatureNotSetup
2025-03-28 10:31:06.381: [INFO][Sync] SyncState after authenticated was: FeatureNotSetup
2025-03-28 10:36:03.687: [INFO][Sync] SyncState after authenticated was: FeatureNotSetup
2025-03-28 10:43:57.191: [INFO][Sync] Reset engine, reason: 0
2025-04-13 08:56:23.663: [INFO][Sync] SyncState after authenticated was: FeatureNotSetup
2025-04-13 08:57:49.077: [INFO][Sync] Reset engine, reason: 0
2025-04-21 13:08:06.166: [INFO][Sync] SyncState after authenticated was: FeatureNotSetup
2025-04-21 13:08:50.616: [INFO][Sync] Reset engine, reason: 0
